INFO  [main]: POP Trade Type BUY AgreedFx 0.5 InstructionDate Mon Feb 01 14:42:55 GMT 2016 SettlementDate Tue Feb 02 14:42:55 GMT 2016
INFO  [main]: JOE Trade Type SELL AgreedFx 0.22 InstructionDate Sat Mar 05 14:42:55 GMT 2016 SettlementDate Mon Mar 07 14:42:55 GMT 2016
INFO  [main]: BAR Trade Type SELL AgreedFx 0.22 InstructionDate Fri Feb 05 14:42:55 GMT 2016 SettlementDate Sun Feb 07 14:42:55 GMT 2016
INFO  [main]: FOO Trade Type BUY AgreedFx 0.5 InstructionDate Mon Feb 01 14:42:55 GMT 2016 SettlementDate Tue Feb 02 14:42:55 GMT 2016
INFO  [main]: ALE Trade Type SELL AgreedFx 0.22 InstructionDate Fri Feb 05 14:42:55 GMT 2016 SettlementDate Sun Feb 07 14:42:55 GMT 2016
INFO  [main]: GIN Trade Type BUY AgreedFx 0.5 InstructionDate Tue Mar 01 14:42:55 GMT 2016 SettlementDate Wed Mar 02 14:42:55 GMT 2016
INFO  [main]: POP Trade Type BUY AgreedFx 0.5 InstructionDate Mon Feb 01 13:50:05 GMT 2016 SettlementDate Tue Feb 02 13:50:05 GMT 2016
INFO  [main]: JOE Trade Type SELL AgreedFx 0.22 InstructionDate Sat Mar 05 13:50:05 GMT 2016 SettlementDate Mon Mar 07 13:50:05 GMT 2016
INFO  [main]: BAR Trade Type SELL AgreedFx 0.22 InstructionDate Fri Feb 05 13:50:05 GMT 2016 SettlementDate Sun Feb 07 13:50:05 GMT 2016
INFO  [main]: FOO Trade Type BUY AgreedFx 0.5 InstructionDate Mon Feb 01 13:50:05 GMT 2016 SettlementDate Tue Feb 02 13:50:05 GMT 2016
INFO  [main]: ALE Trade Type SELL AgreedFx 0.22 InstructionDate Fri Feb 05 13:50:05 GMT 2016 SettlementDate Sun Feb 07 13:50:05 GMT 2016
INFO  [main]: GIN Trade Type BUY AgreedFx 0.5 InstructionDate Tue Mar 01 13:50:05 GMT 2016 SettlementDate Wed Mar 02 13:50:05 GMT 2016
INFO  [main]: ReportModel [instructionDate=Fri Feb 05 10:04:06 GMT 2016, settlementDate=null, amountOfTrade=1.0558035E7, tradeType=null, tradeAmount=null]
INFO  [main]: ReportModel [instructionDate=Fri Feb 05 10:04:06 GMT 2016, settlementDate=null, amountOfTrade=1.0558035E7, tradeType=null, tradeAmount=null]
INFO  [main]: ReportModel [instructionDate=Fri Feb 05 10:55:07 GMT 2016, settlementDate=null, amountOfTrade=1.0558035E7, tradeType=null, tradeAmount=null]
INFO  [main]: ReportModel [instructionDate=Fri Feb 05 10:58:19 GMT 2016, settlementDate=null, amountOfTrade=1.0558035E7, tradeType=null, tradeAmount=null]
INFO  [main]: ReportModel [instructionDate=Fri Feb 05 11:00:37 GMT 2016, settlementDate=null, amountOfTrade=1.0558035E7, tradeType=null, tradeAmount=null]
INFO  [main]: ReportModel [instructionDate=Fri Feb 05 11:01:45 GMT 2016, settlementDate=null, amountOfTrade=1.0558035E7, tradeType=null, tradeAmount=null]
INFO  [main]: ReportModel [instructionDate=Fri Feb 05 11:01:52 GMT 2016, settlementDate=null, amountOfTrade=1.0558035E7, tradeType=null, tradeAmount=null]
INFO  [main]: ReportModel [instructionDate=Fri Feb 05 11:01:52 GMT 2016, settlementDate=null, amountOfTrade=1.0558035E7, tradeType=null, tradeAmount=null]
INFO  [main]: ReportModel [instructionDate=Fri Feb 05 11:03:11 GMT 2016, settlementDate=null, amountOfTrade=1.0558035E7, tradeType=null, tradeAmount=null]
INFO  [main]: ReportModel [instructionDate=Fri Feb 05 11:03:11 GMT 2016, settlementDate=null, amountOfTrade=1.0558035E7, tradeType=null, tradeAmount=null]
INFO  [main]: ReportModel [instructionDate=Wed Feb 03 11:03:45 GMT 2016, settlementDate=null, amountOfTrade=1.0558035E7, tradeType=null, tradeAmount=null]
INFO  [main]: ReportModel [instructionDate=Wed Feb 03 11:03:45 GMT 2016, settlementDate=null, amountOfTrade=1.0558035E7, tradeType=null, tradeAmount=null]
INFO  [main]: ReportModel [instructionDate=null, settlementDate=Sun Feb 07 11:06:08 GMT 2016, amountOfTrade=1.0558035E7, tradeType=null, tradeAmount=null]
INFO  [main]: ReportModel [instructionDate=null, settlementDate=Sun Feb 07 11:06:08 GMT 2016, amountOfTrade=1.0558035E7, tradeType=null, tradeAmount=null]
INFO  [main]: ReportModel [instructionDate=null, settlementDate=Sun Feb 07 11:07:01 GMT 2016, amountOfTrade=1.0558035E7, tradeType=null, tradeAmount=null]
INFO  [main]: ReportModel [instructionDate=null, settlementDate=Sun Feb 07 11:07:01 GMT 2016, amountOfTrade=1.0558035E7, tradeType=null, tradeAmount=null]
INFO  [main]: ReportModel [instructionDate=null, settlementDate=Sun Feb 07 11:09:31 GMT 2016, amountOfTrade=1.0558035E7, tradeType=null, tradeAmount=null]
INFO  [main]: ReportModel [instructionDate=null, settlementDate=Sun Feb 07 11:09:31 GMT 2016, amountOfTrade=1.0558035E7, tradeType=null, tradeAmount=null]
INFO  [main]: ReportModel [instructionDate=null, settlementDate=Sun Nov 15 11:56:36 GMT 2015, amountOfTrade=1.01926125E7, tradeType=null, tradeAmount=null]
INFO  [main]: ReportModel [instructionDate=null, settlementDate=Tue Nov 17 11:56:36 GMT 2015, amountOfTrade=8468100.0, tradeType=null, tradeAmount=null]
INFO  [main]: ReportModel [instructionDate=null, settlementDate=Sun Dec 27 11:56:36 GMT 2015, amountOfTrade=1.0558035E7, tradeType=null, tradeAmount=null]
INFO  [main]: ReportModel [instructionDate=null, settlementDate=Tue Nov 17 11:56:36 GMT 2015, amountOfTrade=4162840.625, tradeType=null, tradeAmount=null]
INFO  [main]: ReportModel [instructionDate=null, settlementDate=Wed Nov 25 11:56:36 GMT 2015, amountOfTrade=3015018.75, tradeType=null, tradeAmount=null]
INFO  [main]: ReportModel [instructionDate=null, settlementDate=Sun Nov 15 11:56:36 GMT 2015, amountOfTrade=1.01926125E7, tradeType=null, tradeAmount=null]
INFO  [main]: ReportModel [instructionDate=null, settlementDate=Tue Nov 17 11:56:36 GMT 2015, amountOfTrade=8468100.0, tradeType=null, tradeAmount=null]
INFO  [main]: ReportModel [instructionDate=null, settlementDate=Sun Dec 27 11:56:36 GMT 2015, amountOfTrade=1.0558035E7, tradeType=null, tradeAmount=null]
INFO  [main]: ReportModel [instructionDate=null, settlementDate=Tue Nov 17 11:56:36 GMT 2015, amountOfTrade=4162840.625, tradeType=null, tradeAmount=null]
INFO  [main]: ReportModel [instructionDate=null, settlementDate=Wed Nov 25 11:56:36 GMT 2015, amountOfTrade=3015018.75, tradeType=null, tradeAmount=null]
INFO  [main]: ReportModel [instructionDate=null, settlementDate=Sun Nov 29 13:41:36 GMT 2015, amountOfTrade=1.01926125E7, tradeType=null, tradeAmount=null]
INFO  [main]: ReportModel [instructionDate=null, settlementDate=Tue Dec 15 13:41:36 GMT 2015, amountOfTrade=8468100.0, tradeType=null, tradeAmount=null]
INFO  [main]: ReportModel [instructionDate=null, settlementDate=Sun Dec 27 13:41:36 GMT 2015, amountOfTrade=1.0558035E7, tradeType=null, tradeAmount=null]
INFO  [main]: ReportModel [instructionDate=null, settlementDate=Tue Dec 15 13:41:36 GMT 2015, amountOfTrade=4162840.625, tradeType=null, tradeAmount=null]
INFO  [main]: ReportModel [instructionDate=null, settlementDate=Wed Dec 23 13:41:36 GMT 2015, amountOfTrade=3015018.75, tradeType=null, tradeAmount=null]
INFO  [main]: ReportModel [instructionDate=null, settlementDate=Sun Nov 29 13:41:36 GMT 2015, amountOfTrade=1.01926125E7, tradeType=null, tradeAmount=null]
INFO  [main]: ReportModel [instructionDate=null, settlementDate=Tue Dec 15 13:41:36 GMT 2015, amountOfTrade=8468100.0, tradeType=null, tradeAmount=null]
INFO  [main]: ReportModel [instructionDate=null, settlementDate=Sun Dec 27 13:41:36 GMT 2015, amountOfTrade=1.0558035E7, tradeType=null, tradeAmount=null]
INFO  [main]: ReportModel [instructionDate=null, settlementDate=Tue Dec 15 13:41:36 GMT 2015, amountOfTrade=4162840.625, tradeType=null, tradeAmount=null]
INFO  [main]: ReportModel [instructionDate=null, settlementDate=Wed Dec 23 13:41:36 GMT 2015, amountOfTrade=3015018.75, tradeType=null, tradeAmount=null]
INFO  [main]: ReportModel [instructionDate=null, settlementDate=Sun Nov 29 13:56:40 GMT 2015, amountOfTrade=1.01926125E7, tradeType=null, tradeAmount=null]
INFO  [main]: ReportModel [instructionDate=null, settlementDate=Tue Dec 15 13:56:40 GMT 2015, amountOfTrade=8468100.0, tradeType=null, tradeAmount=null]
INFO  [main]: ReportModel [instructionDate=null, settlementDate=Sun Jan 10 13:56:40 GMT 2016, amountOfTrade=1.0558035E7, tradeType=null, tradeAmount=null]
INFO  [main]: ReportModel [instructionDate=null, settlementDate=Tue Dec 15 13:56:40 GMT 2015, amountOfTrade=4162840.625, tradeType=null, tradeAmount=null]
INFO  [main]: ReportModel [instructionDate=null, settlementDate=Wed Dec 23 13:56:40 GMT 2015, amountOfTrade=3015018.75, tradeType=null, tradeAmount=null]
INFO  [main]: ReportModel [instructionDate=null, settlementDate=Sun Nov 29 13:56:40 GMT 2015, amountOfTrade=1.01926125E7, tradeType=null, tradeAmount=null]
INFO  [main]: ReportModel [instructionDate=null, settlementDate=Tue Dec 15 13:56:40 GMT 2015, amountOfTrade=8468100.0, tradeType=null, tradeAmount=null]
INFO  [main]: ReportModel [instructionDate=null, settlementDate=Sun Jan 10 13:56:40 GMT 2016, amountOfTrade=1.0558035E7, tradeType=null, tradeAmount=null]
INFO  [main]: ReportModel [instructionDate=null, settlementDate=Tue Dec 15 13:56:40 GMT 2015, amountOfTrade=4162840.625, tradeType=null, tradeAmount=null]
INFO  [main]: ReportModel [instructionDate=null, settlementDate=Wed Dec 23 13:56:40 GMT 2015, amountOfTrade=3015018.75, tradeType=null, tradeAmount=null]
INFO  [main]: ReportModel [instructionDate=null, settlementDate=Sat Dec 26 13:59:05 GMT 2015, amountOfTrade=1.01926125E7, tradeType=null, tradeAmount=null]
INFO  [main]: ReportModel [instructionDate=null, settlementDate=Tue Dec 29 13:59:05 GMT 2015, amountOfTrade=8468100.0, tradeType=null, tradeAmount=null]
INFO  [main]: ReportModel [instructionDate=null, settlementDate=Fri Jan 01 13:59:05 GMT 2016, amountOfTrade=1.0558035E7, tradeType=null, tradeAmount=null]
INFO  [main]: ReportModel [instructionDate=null, settlementDate=Tue Dec 29 13:59:05 GMT 2015, amountOfTrade=4162840.625, tradeType=null, tradeAmount=null]
INFO  [main]: ReportModel [instructionDate=null, settlementDate=Wed Dec 30 13:59:05 GMT 2015, amountOfTrade=3015018.75, tradeType=null, tradeAmount=null]
INFO  [main]: ReportModel [instructionDate=null, settlementDate=Sat Dec 26 13:59:05 GMT 2015, amountOfTrade=1.01926125E7, tradeType=null, tradeAmount=null]
INFO  [main]: ReportModel [instructionDate=null, settlementDate=Tue Dec 29 13:59:05 GMT 2015, amountOfTrade=8468100.0, tradeType=null, tradeAmount=null]
INFO  [main]: ReportModel [instructionDate=null, settlementDate=Fri Jan 01 13:59:05 GMT 2016, amountOfTrade=1.0558035E7, tradeType=null, tradeAmount=null]
INFO  [main]: ReportModel [instructionDate=null, settlementDate=Tue Dec 29 13:59:05 GMT 2015, amountOfTrade=4162840.625, tradeType=null, tradeAmount=null]
INFO  [main]: ReportModel [instructionDate=null, settlementDate=Wed Dec 30 13:59:05 GMT 2015, amountOfTrade=3015018.75, tradeType=null, tradeAmount=null]
INFO  [main]: ReportModel [instructionDate=null, settlementDate=Sat Dec 26 14:12:05 GMT 2015, amountOfTrade=1.01926125E7, tradeType=null, tradeAmount=null]
INFO  [main]: ReportModel [instructionDate=null, settlementDate=Tue Dec 29 14:12:05 GMT 2015, amountOfTrade=8468100.0, tradeType=null, tradeAmount=null]
INFO  [main]: ReportModel [instructionDate=null, settlementDate=Fri Jan 01 14:12:05 GMT 2016, amountOfTrade=1.0558035E7, tradeType=null, tradeAmount=null]
INFO  [main]: ReportModel [instructionDate=null, settlementDate=Tue Dec 29 14:12:05 GMT 2015, amountOfTrade=4162840.625, tradeType=null, tradeAmount=null]
INFO  [main]: ReportModel [instructionDate=null, settlementDate=Wed Dec 30 14:12:05 GMT 2015, amountOfTrade=3015018.75, tradeType=null, tradeAmount=null]
INFO  [main]: ReportModel [instructionDate=null, settlementDate=Sat Dec 26 14:12:05 GMT 2015, amountOfTrade=1.01926125E7, tradeType=null, tradeAmount=null]
INFO  [main]: ReportModel [instructionDate=null, settlementDate=Tue Dec 29 14:12:05 GMT 2015, amountOfTrade=8468100.0, tradeType=null, tradeAmount=null]
INFO  [main]: ReportModel [instructionDate=null, settlementDate=Fri Jan 01 14:12:05 GMT 2016, amountOfTrade=1.0558035E7, tradeType=null, tradeAmount=null]
INFO  [main]: ReportModel [instructionDate=null, settlementDate=Tue Dec 29 14:12:05 GMT 2015, amountOfTrade=4162840.625, tradeType=null, tradeAmount=null]
INFO  [main]: ReportModel [instructionDate=null, settlementDate=Wed Dec 30 14:12:05 GMT 2015, amountOfTrade=3015018.75, tradeType=null, tradeAmount=null]
INFO  [main]: ReportModel [instructionDate=null, settlementDate=Fri Jan 01 14:15:17 GMT 2016, amountOfTrade=1.0558035E7, tradeType=null, tradeAmount=null]
INFO  [main]: ReportModel [instructionDate=null, settlementDate=Wed Jan 06 14:15:17 GMT 2016, amountOfTrade=8468100.0, tradeType=null, tradeAmount=null]
INFO  [main]: ReportModel [instructionDate=null, settlementDate=Thu Jan 07 14:15:17 GMT 2016, amountOfTrade=1.01926125E7, tradeType=null, tradeAmount=null]
INFO  [main]: ReportModel [instructionDate=null, settlementDate=Tue Jan 05 14:15:17 GMT 2016, amountOfTrade=3015018.75, tradeType=null, tradeAmount=null]
INFO  [main]: ReportModel [instructionDate=null, settlementDate=Wed Jan 06 14:15:17 GMT 2016, amountOfTrade=4162840.625, tradeType=null, tradeAmount=null]
INFO  [main]: ReportModel [instructionDate=null, settlementDate=Fri Jan 01 14:15:17 GMT 2016, amountOfTrade=1.0558035E7, tradeType=null, tradeAmount=null]
INFO  [main]: ReportModel [instructionDate=null, settlementDate=Wed Jan 06 14:15:17 GMT 2016, amountOfTrade=8468100.0, tradeType=null, tradeAmount=null]
INFO  [main]: ReportModel [instructionDate=null, settlementDate=Thu Jan 07 14:15:17 GMT 2016, amountOfTrade=1.01926125E7, tradeType=null, tradeAmount=null]
INFO  [main]: ReportModel [instructionDate=null, settlementDate=Tue Jan 05 14:15:17 GMT 2016, amountOfTrade=3015018.75, tradeType=null, tradeAmount=null]
INFO  [main]: ReportModel [instructionDate=null, settlementDate=Wed Jan 06 14:15:17 GMT 2016, amountOfTrade=4162840.625, tradeType=null, tradeAmount=null]
